z:\cppcoursework2020-v101\debug\courseworkbase2020.bsc
z:\cppcoursework2020-v101\debug\vc141.pdb
z:\cppcoursework2020-v101\debug\aeyev2engine.sbr
z:\cppcoursework2020-v101\debug\courseworktilemanager.sbr
z:\cppcoursework2020-v101\debug\draggingdemo.sbr
z:\cppcoursework2020-v101\debug\drawingsurface.sbr
z:\cppcoursework2020-v101\debug\flashingdemo.sbr
z:\cppcoursework2020-v101\debug\imageobjectdemo.sbr
z:\cppcoursework2020-v101\debug\jigsawdemo.sbr
z:\cppcoursework2020-v101\debug\mainfunction.sbr
z:\cppcoursework2020-v101\debug\baseengine.sbr
z:\cppcoursework2020-v101\debug\displayableobject.sbr
z:\cppcoursework2020-v101\debug\fontmanager.sbr
z:\cppcoursework2020-v101\debug\imagemappingdemo.sbr
z:\cppcoursework2020-v101\debug\moonenemy.sbr
z:\cppcoursework2020-v101\debug\mydemoa.sbr
z:\cppcoursework2020-v101\debug\myobjecta.sbr
z:\cppcoursework2020-v101\debug\myobjectb.sbr
z:\cppcoursework2020-v101\debug\myobjectc.sbr
z:\cppcoursework2020-v101\debug\mytilemanager.sbr
z:\cppcoursework2020-v101\debug\simpleimage.sbr
z:\cppcoursework2020-v101\debug\jasonsdemoa.sbr
z:\cppcoursework2020-v101\debug\jasonsdemoa.obj
z:\cppcoursework2020-v101\debug\simpleimage.obj
z:\cppcoursework2020-v101\debug\mytilemanager.obj
z:\cppcoursework2020-v101\debug\myobjectc.obj
z:\cppcoursework2020-v101\debug\myobjectb.obj
z:\cppcoursework2020-v101\debug\myobjecta.obj
z:\cppcoursework2020-v101\debug\mydemoa.obj
z:\cppcoursework2020-v101\debug\moonenemy.obj
z:\cppcoursework2020-v101\debug\imagemappingdemo.obj
z:\cppcoursework2020-v101\debug\fontmanager.obj
z:\cppcoursework2020-v101\debug\displayableobject.obj
z:\cppcoursework2020-v101\debug\baseengine.obj
z:\cppcoursework2020-v101\debug\mainfunction.obj
z:\cppcoursework2020-v101\debug\jigsawdemo.obj
z:\cppcoursework2020-v101\debug\imageobjectdemo.obj
z:\cppcoursework2020-v101\debug\flashingdemo.obj
z:\cppcoursework2020-v101\debug\drawingsurface.obj
z:\cppcoursework2020-v101\debug\draggingdemo.obj
z:\cppcoursework2020-v101\debug\courseworktilemanager.obj
z:\cppcoursework2020-v101\debug\aeyev2engine.obj
z:\cppcoursework2020-v101\debug\jasonsobjecta.sbr
z:\cppcoursework2020-v101\debug\jasonstilemanager.sbr
z:\cppcoursework2020-v101\debug\playingcardsdemo.sbr
z:\cppcoursework2020-v101\debug\rawimage.sbr
z:\cppcoursework2020-v101\debug\simpledemo.sbr
z:\cppcoursework2020-v101\debug\starfielddemo.sbr
z:\cppcoursework2020-v101\debug\sunplayableobject.sbr
z:\cppcoursework2020-v101\debug\thedaymain.sbr
z:\cppcoursework2020-v101\debug\thedaytilemanager.sbr
z:\cppcoursework2020-v101\debug\tilemanager.sbr
z:\cppcoursework2020-v101\debug\bouncingball.sbr
z:\cppcoursework2020-v101\debug\bouncingballmain.sbr
z:\cppcoursework2020-v101\debug\zoomingdemo.sbr
z:\cppcoursework2020-v101\debug\zoomingdemo.obj
z:\cppcoursework2020-v101\debug\bouncingballmain.obj
z:\cppcoursework2020-v101\debug\bouncingball.obj
z:\cppcoursework2020-v101\debug\tilemanager.obj
z:\cppcoursework2020-v101\debug\thedaytilemanager.obj
z:\cppcoursework2020-v101\debug\thedaymain.obj
z:\cppcoursework2020-v101\debug\sunplayableobject.obj
z:\cppcoursework2020-v101\debug\starfielddemo.obj
z:\cppcoursework2020-v101\debug\simpledemo.obj
z:\cppcoursework2020-v101\debug\rawimage.obj
z:\cppcoursework2020-v101\debug\playingcardsdemo.obj
z:\cppcoursework2020-v101\debug\jasonstilemanager.obj
z:\cppcoursework2020-v101\debug\jasonsobjecta.obj
z:\cppcoursework2020-v101\debug\mazedemomain.sbr
z:\cppcoursework2020-v101\debug\mazedemoobject.sbr
z:\cppcoursework2020-v101\debug\mazedemotilemanager.sbr
z:\cppcoursework2020-v101\debug\mazedemotilemanager.obj
z:\cppcoursework2020-v101\debug\mazedemoobject.obj
z:\cppcoursework2020-v101\debug\mazedemomain.obj
z:\cppcoursework2020-v101\debug\courseworkbase2020.ilk
z:\cppcoursework2020-v101\debug\courseworkbase2020.exe
z:\cppcoursework2020-v101\src\map
z:\cppcoursework2020-v101\debug\courseworkbase2020.pdb
z:\cppcoursework2020-v101\/debug\courseworkbase2020.pdb
z:\cppcoursework2020-v101\/debug\courseworkbase2020.exe
z:\cppcoursework2020-v101\/debug\courseworkbase2020.bsc
z:\cppcoursework2020-v101\/debug\courseworkbase2020.ilk
z:\cppcoursework2020-v101\debug\coursewo.63f64093.tlog\bscmake.command.1.tlog
z:\cppcoursework2020-v101\debug\coursewo.63f64093.tlog\bscmake.read.1.tlog
z:\cppcoursework2020-v101\debug\coursewo.63f64093.tlog\bscmake.write.1.tlog
z:\cppcoursework2020-v101\debug\coursewo.63f64093.tlog\cl.command.1.tlog
z:\cppcoursework2020-v101\debug\coursewo.63f64093.tlog\cl.read.1.tlog
z:\cppcoursework2020-v101\debug\coursewo.63f64093.tlog\cl.write.1.tlog
z:\cppcoursework2020-v101\debug\coursewo.63f64093.tlog\link.command.1.tlog
z:\cppcoursework2020-v101\debug\coursewo.63f64093.tlog\link.read.1.tlog
z:\cppcoursework2020-v101\debug\coursewo.63f64093.tlog\link.write.1.tlog
